<?xml version="1.0" encoding="UTF-8" ?>
<testsuite tests="56" failures="0" name="CucumberOptions.TestRunner" time="0.064" errors="0" skipped="0">
  <properties>
    <property name="java.runtime.name" value="Java(TM) SE Runtime Environment"/>
    <property name="sun.boot.library.path" value="C:\Program Files\Java\jdk1.8.0_131\jre\bin"/>
    <property name="java.vm.version" value="25.131-b11"/>
    <property name="java.vm.vendor" value="Oracle Corporation"/>
    <property name="maven.multiModuleProjectDirectory" value="C:\Users\Jeff\.jenkins\Automation"/>
    <property name="java.vendor.url" value="http://java.oracle.com/"/>
    <property name="path.separator" value=";"/>
    <property name="guice.disable.misplaced.annotation.check" value="true"/>
    <property name="java.vm.name" value="Java HotSpot(TM) 64-Bit Server VM"/>
    <property name="file.encoding.pkg" value="sun.io"/>
    <property name="user.script" value=""/>
    <property name="user.country" value="US"/>
    <property name="sun.java.launcher" value="SUN_STANDARD"/>
    <property name="sun.os.patch.level" value=""/>
    <property name="java.vm.specification.name" value="Java Virtual Machine Specification"/>
    <property name="user.dir" value="C:\Users\Jeff\.jenkins\Automation"/>
    <property name="java.runtime.version" value="1.8.0_131-b11"/>
    <property name="java.awt.graphicsenv" value="sun.awt.Win32GraphicsEnvironment"/>
    <property name="java.endorsed.dirs" value="C:\Program Files\Java\jdk1.8.0_131\jre\lib\endorsed"/>
    <property name="os.arch" value="amd64"/>
    <property name="java.io.tmpdir" value="C:\Users\Jeff\AppData\Local\Temp\"/>
    <property name="line.separator" value="
"/>
    <property name="java.vm.specification.vendor" value="Oracle Corporation"/>
    <property name="user.variant" value=""/>
    <property name="os.name" value="Windows 10"/>
    <property name="classworlds.conf" value="C:\Maven\apache-maven-3.5.3-bin\apache-maven-3.5.3\bin\..\bin\m2.conf"/>
    <property name="sun.jnu.encoding" value="Cp1252"/>
    <property name="java.library.path" value="C:\Program Files\Java\jdk1.8.0_131\bin;C:\WINDOWS\Sun\Java\bin;C:\WINDOWS\system32;C:\WINDOWS;C:\Maven\apache-maven-3.5.3-bin\apache-maven-3.5.3/bin;C:\Program Files\Java\jdk1.8.0_131/bin;C:\Program Files\Java\jdk1.8.0_131/bin;C:\ProgramData\Oracle\Java\javapath;C:\WINDOWS\system32;C:\WINDOWS;C:\WINDOWS\System32\Wbem;C:\WINDOWS\System32\WindowsPowerShell\v1.0\;C:\Program Files\Java\jdk1.8.0_131\bin;C:\chromedriver_win32;C:\WINDOWS\System32\OpenSSH\;C:\Program Files (x86)\Git\cmd;C:\Maven\apache-maven-3.5.3-bin\apache-maven-3.5.3\bin;C:\Anaconda-Install;C:\Anaconda-Install\Scripts;C:\Anaconda-Install\Library\bin;C:\Users\Jeff\AppData\Local\Microsoft\WindowsApps;C:\Program Files\Git\bin;;."/>
    <property name="maven.conf" value="C:\Maven\apache-maven-3.5.3-bin\apache-maven-3.5.3\bin\../conf"/>
    <property name="java.specification.name" value="Java Platform API Specification"/>
    <property name="java.class.version" value="52.0"/>
    <property name="sun.management.compiler" value="HotSpot 64-Bit Tiered Compilers"/>
    <property name="os.version" value="10.0"/>
    <property name="library.jansi.path" value="C:\Maven\apache-maven-3.5.3-bin\apache-maven-3.5.3\bin\..\lib\jansi-native"/>
    <property name="user.home" value="C:\Users\Jeff"/>
    <property name="user.timezone" value="America/Chicago"/>
    <property name="java.awt.printerjob" value="sun.awt.windows.WPrinterJob"/>
    <property name="java.specification.version" value="1.8"/>
    <property name="file.encoding" value="Cp1252"/>
    <property name="user.name" value="Jeff"/>
    <property name="java.class.path" value="C:\Maven\apache-maven-3.5.3-bin\apache-maven-3.5.3\bin\..\boot\plexus-classworlds-2.5.2.jar"/>
    <property name="java.vm.specification.version" value="1.8"/>
    <property name="sun.arch.data.model" value="64"/>
    <property name="java.home" value="C:\Program Files\Java\jdk1.8.0_131\jre"/>
    <property name="sun.java.command" value="org.codehaus.plexus.classworlds.launcher.Launcher test"/>
    <property name="java.specification.vendor" value="Oracle Corporation"/>
    <property name="user.language" value="en"/>
    <property name="awt.toolkit" value="sun.awt.windows.WToolkit"/>
    <property name="java.vm.info" value="mixed mode"/>
    <property name="java.version" value="1.8.0_131"/>
    <property name="java.ext.dirs" value="C:\Program Files\Java\jdk1.8.0_131\jre\lib\ext;C:\WINDOWS\Sun\Java\lib\ext"/>
    <property name="sun.boot.class.path" value="C:\Program Files\Java\jdk1.8.0_131\jre\lib\resources.jar;C:\Program Files\Java\jdk1.8.0_131\jre\lib\rt.jar;C:\Program Files\Java\jdk1.8.0_131\jre\lib\sunrsasign.jar;C:\Program Files\Java\jdk1.8.0_131\jre\lib\jsse.jar;C:\Program Files\Java\jdk1.8.0_131\jre\lib\jce.jar;C:\Program Files\Java\jdk1.8.0_131\jre\lib\charsets.jar;C:\Program Files\Java\jdk1.8.0_131\jre\lib\jfr.jar;C:\Program Files\Java\jdk1.8.0_131\jre\classes"/>
    <property name="java.vendor" value="Oracle Corporation"/>
    <property name="maven.home" value="C:\Maven\apache-maven-3.5.3-bin\apache-maven-3.5.3\bin\.."/>
    <property name="file.separator" value="\"/>
    <property name="java.vendor.url.bug" value="http://bugreport.sun.com/bugreport/"/>
    <property name="sun.cpu.endian" value="little"/>
    <property name="sun.io.unicode.encoding" value="UnicodeLittle"/>
    <property name="sun.desktop" value="windows"/>
    <property name="sun.cpu.isalist" value="amd64"/>
  </properties>
  <testcase classname="Scenario: Home page default login" name="Given validate the browser" time="0.002"/>
  <testcase classname="Scenario: Home page default login" name="When Browser is triggered" time="0.001"/>
  <testcase classname="Scenario: Home page default login" name="Then check if browser is started" time="0"/>
  <testcase classname="Scenario: Home page default login" name="Given User is on NetBanking landing page" time="0"/>
  <testcase classname="Scenario: Home page default login" name="When User loginto application with &quot;jin&quot; and &quot;1234&quot;" time="0"/>
  <testcase classname="Scenario: Home page default login" name="Then Home page is populated" time="0"/>
  <testcase classname="Scenario: Home page default login" name="And Cards are displayed are &quot;true&quot;" time="0"/>
  <testcase classname="Scenario: Home page default login" name="Scenario: Home page default login" time="0"/>
  <testcase classname="Scenario: Home page default login" name="Given validate the browser" time="0"/>
  <testcase classname="Scenario: Home page default login" name="When Browser is triggered" time="0"/>
  <testcase classname="Scenario: Home page default login" name="Then check if browser is started" time="0"/>
  <testcase classname="Scenario: Home page default login" name="Given User is on NetBanking landing page" time="0.004"/>
  <testcase classname="Scenario: Home page default login" name="When User loginto application with &quot;john&quot; and &quot;4321&quot;" time="0.004"/>
  <testcase classname="Scenario: Home page default login" name="Then Home page is populated" time="0"/>
  <testcase classname="Scenario: Home page default login" name="And Cards are displayed are &quot;false&quot;" time="0"/>
  <testcase classname="Scenario: Home page default login" name="Scenario: Home page default login" time="0.006"/>
  <testcase classname="Scenario: Home page default login" name="Given validate the browser" time="0"/>
  <testcase classname="Scenario: Home page default login" name="When Browser is triggered" time="0"/>
  <testcase classname="Scenario: Home page default login" name="Then check if browser is started" time="0"/>
  <testcase classname="Scenario: Home page default login" name="Given User is on NetBanking landing page" time="0"/>
  <testcase classname="Scenario: Home page default login" name="When User signup with following details" time="0"/>
  <testcase classname="Scenario: Home page default login" name="Then Home page is populated" time="0.003"/>
  <testcase classname="Scenario: Home page default login" name="And Cards are displayed are &quot;false&quot;" time="0.001"/>
  <testcase classname="Scenario: Home page default login" name="Scenario: Home page default login" time="0.003"/>
  <testcase classname="| user1 | pass1 |" name="Given validate the browser" time="0.001"/>
  <testcase classname="| user1 | pass1 |" name="When Browser is triggered" time="0"/>
  <testcase classname="| user1 | pass1 |" name="Then check if browser is started" time="0"/>
  <testcase classname="| user1 | pass1 |" name="Given User is on NetBanking landing page" time="0"/>
  <testcase classname="| user1 | pass1 |" name="When User login to application with user1 and pass1" time="0.001"/>
  <testcase classname="| user1 | pass1 |" name="Then Home page is populated" time="0.001"/>
  <testcase classname="| user1 | pass1 |" name="And Cards are displayed are &quot;true&quot;" time="0.001"/>
  <testcase classname="| user1 | pass1 |" name="| user1 | pass1 |" time="0.004"/>
  <testcase classname="| user2 | pass2 |" name="Given validate the browser" time="0.001"/>
  <testcase classname="| user2 | pass2 |" name="When Browser is triggered" time="0"/>
  <testcase classname="| user2 | pass2 |" name="Then check if browser is started" time="0.001"/>
  <testcase classname="| user2 | pass2 |" name="Given User is on NetBanking landing page" time="0"/>
  <testcase classname="| user2 | pass2 |" name="When User login to application with user2 and pass2" time="0"/>
  <testcase classname="| user2 | pass2 |" name="Then Home page is populated" time="0.005"/>
  <testcase classname="| user2 | pass2 |" name="And Cards are displayed are &quot;true&quot;" time="0.001"/>
  <testcase classname="| user2 | pass2 |" name="| user2 | pass2 |" time="0.016"/>
  <testcase classname="| user3 | pass3 |" name="Given validate the browser" time="0"/>
  <testcase classname="| user3 | pass3 |" name="When Browser is triggered" time="0"/>
  <testcase classname="| user3 | pass3 |" name="Then check if browser is started" time="0.001"/>
  <testcase classname="| user3 | pass3 |" name="Given User is on NetBanking landing page" time="0"/>
  <testcase classname="| user3 | pass3 |" name="When User login to application with user3 and pass3" time="0"/>
  <testcase classname="| user3 | pass3 |" name="Then Home page is populated" time="0"/>
  <testcase classname="| user3 | pass3 |" name="And Cards are displayed are &quot;true&quot;" time="0"/>
  <testcase classname="| user3 | pass3 |" name="| user3 | pass3 |" time="0.001"/>
  <testcase classname="| user4 | pass4 |" name="Given validate the browser" time="0"/>
  <testcase classname="| user4 | pass4 |" name="When Browser is triggered" time="0"/>
  <testcase classname="| user4 | pass4 |" name="Then check if browser is started" time="0"/>
  <testcase classname="| user4 | pass4 |" name="Given User is on NetBanking landing page" time="0"/>
  <testcase classname="| user4 | pass4 |" name="When User login to application with user4 and pass4" time="0.001"/>
  <testcase classname="| user4 | pass4 |" name="Then Home page is populated" time="0"/>
  <testcase classname="| user4 | pass4 |" name="And Cards are displayed are &quot;true&quot;" time="0"/>
  <testcase classname="| user4 | pass4 |" name="| user4 | pass4 |" time="0.005"/>
</testsuite>